Generated at 2017-03-12 20:58:07 +0000
Chef::Exceptions::EnclosingDirectoryDoesNotExist: cookbook_file[/etc/httpd/mods-available/mpm_event.conf] (wp-stack::httpd line 75) had an error: Chef::Exceptions::EnclosingDirectoryDoesNotExist: Parent directory /etc/httpd/mods-available does not exist.
/opt/chef/embedded/lib/ruby/gems/2.3.0/gems/chef-12.19.36/lib/chef/mixin/why_run.rb:240:in `run'
/opt/chef/embedded/lib/ruby/gems/2.3.0/gems/chef-12.19.36/lib/chef/mixin/why_run.rb:321:in `block in run'
/opt/chef/embedded/lib/ruby/gems/2.3.0/gems/chef-12.19.36/lib/chef/mixin/why_run.rb:320:in `each'
/opt/chef/embedded/lib/ruby/gems/2.3.0/gems/chef-12.19.36/lib/chef/mixin/why_run.rb:320:in `run'
/opt/chef/embedded/lib/ruby/gems/2.3.0/gems/chef-12.19.36/lib/chef/provider.rb:155:in `process_resource_requirements'
/opt/chef/embedded/lib/ruby/gems/2.3.0/gems/chef-12.19.36/lib/chef/provider.rb:133:in `run_action'
/opt/chef/embedded/lib/ruby/gems/2.3.0/gems/chef-12.19.36/lib/chef/resource.rb:622:in `run_action'
/opt/chef/embedded/lib/ruby/gems/2.3.0/gems/chef-12.19.36/lib/chef/runner.rb:69:in `run_action'
/opt/chef/embedded/lib/ruby/gems/2.3.0/gems/chef-12.19.36/lib/chef/runner.rb:97:in `block (2 levels) in converge'
/opt/chef/embedded/lib/ruby/gems/2.3.0/gems/chef-12.19.36/lib/chef/runner.rb:97:in `each'
/opt/chef/embedded/lib/ruby/gems/2.3.0/gems/chef-12.19.36/lib/chef/runner.rb:97:in `block in converge'
/opt/chef/embedded/lib/ruby/gems/2.3.0/gems/chef-12.19.36/lib/chef/resource_collection/resource_list.rb:94:in `block in execute_each_resource'
/opt/chef/embedded/lib/ruby/gems/2.3.0/gems/chef-12.19.36/lib/chef/resource_collection/stepable_iterator.rb:114:in `call_iterator_block'
/opt/chef/embedded/lib/ruby/gems/2.3.0/gems/chef-12.19.36/lib/chef/resource_collection/stepable_iterator.rb:85:in `step'
/opt/chef/embedded/lib/ruby/gems/2.3.0/gems/chef-12.19.36/lib/chef/resource_collection/stepable_iterator.rb:103:in `iterate'
/opt/chef/embedded/lib/ruby/gems/2.3.0/gems/chef-12.19.36/lib/chef/resource_collection/stepable_iterator.rb:55:in `each_with_index'
/opt/chef/embedded/lib/ruby/gems/2.3.0/gems/chef-12.19.36/lib/chef/resource_collection/resource_list.rb:92:in `execute_each_resource'
/opt/chef/embedded/lib/ruby/gems/2.3.0/gems/chef-12.19.36/lib/chef/runner.rb:96:in `converge'
/opt/chef/embedded/lib/ruby/gems/2.3.0/gems/chef-12.19.36/lib/chef/client.rb:670:in `block in converge'
/opt/chef/embedded/lib/ruby/gems/2.3.0/gems/chef-12.19.36/lib/chef/client.rb:665:in `catch'
/opt/chef/embedded/lib/ruby/gems/2.3.0/gems/chef-12.19.36/lib/chef/client.rb:665:in `converge'
/opt/chef/embedded/lib/ruby/gems/2.3.0/gems/chef-12.19.36/lib/chef/client.rb:704:in `converge_and_save'
/opt/chef/embedded/lib/ruby/gems/2.3.0/gems/chef-12.19.36/lib/chef/client.rb:284:in `run'
/opt/chef/embedded/lib/ruby/gems/2.3.0/gems/chef-12.19.36/lib/chef/application.rb:295:in `block in fork_chef_client'
/opt/chef/embedded/lib/ruby/gems/2.3.0/gems/chef-12.19.36/lib/chef/application.rb:283:in `fork'
/opt/chef/embedded/lib/ruby/gems/2.3.0/gems/chef-12.19.36/lib/chef/application.rb:283:in `fork_chef_client'
/opt/chef/embedded/lib/ruby/gems/2.3.0/gems/chef-12.19.36/lib/chef/application.rb:248:in `block in run_chef_client'
/opt/chef/embedded/lib/ruby/gems/2.3.0/gems/chef-12.19.36/lib/chef/local_mode.rb:44:in `with_server_connectivity'
/opt/chef/embedded/lib/ruby/gems/2.3.0/gems/chef-12.19.36/lib/chef/application.rb:236:in `run_chef_client'
/opt/chef/embedded/lib/ruby/gems/2.3.0/gems/chef-12.19.36/lib/chef/application/client.rb:464:in `sleep_then_run_chef_client'
/opt/chef/embedded/lib/ruby/gems/2.3.0/gems/chef-12.19.36/lib/chef/application/client.rb:451:in `block in interval_run_chef_client'
/opt/chef/embedded/lib/ruby/gems/2.3.0/gems/chef-12.19.36/lib/chef/application/client.rb:450:in `loop'
/opt/chef/embedded/lib/ruby/gems/2.3.0/gems/chef-12.19.36/lib/chef/application/client.rb:450:in `interval_run_chef_client'
/opt/chef/embedded/lib/ruby/gems/2.3.0/gems/chef-12.19.36/lib/chef/application/client.rb:434:in `run_application'
/opt/chef/embedded/lib/ruby/gems/2.3.0/gems/chef-12.19.36/lib/chef/application.rb:59:in `run'
/opt/chef/embedded/lib/ruby/gems/2.3.0/gems/chef-12.19.36/lib/chef/application/solo.rb:226:in `run'
/opt/chef/embedded/lib/ruby/gems/2.3.0/gems/chef-12.19.36/bin/chef-solo:25:in `<top (required)>'
/usr/bin/chef-solo:57:in `load'
/usr/bin/chef-solo:57:in `<main>'

>>>> Caused by Chef::Exceptions::EnclosingDirectoryDoesNotExist: Parent directory /etc/httpd/mods-available does not exist.
/opt/chef/embedded/lib/ruby/gems/2.3.0/gems/chef-12.19.36/lib/chef/mixin/why_run.rb:240:in `run'
/opt/chef/embedded/lib/ruby/gems/2.3.0/gems/chef-12.19.36/lib/chef/mixin/why_run.rb:321:in `block in run'
/opt/chef/embedded/lib/ruby/gems/2.3.0/gems/chef-12.19.36/lib/chef/mixin/why_run.rb:320:in `each'
/opt/chef/embedded/lib/ruby/gems/2.3.0/gems/chef-12.19.36/lib/chef/mixin/why_run.rb:320:in `run'
/opt/chef/embedded/lib/ruby/gems/2.3.0/gems/chef-12.19.36/lib/chef/provider.rb:155:in `process_resource_requirements'
/opt/chef/embedded/lib/ruby/gems/2.3.0/gems/chef-12.19.36/lib/chef/provider.rb:133:in `run_action'
/opt/chef/embedded/lib/ruby/gems/2.3.0/gems/chef-12.19.36/lib/chef/resource.rb:622:in `run_action'
/opt/chef/embedded/lib/ruby/gems/2.3.0/gems/chef-12.19.36/lib/chef/runner.rb:69:in `run_action'
/opt/chef/embedded/lib/ruby/gems/2.3.0/gems/chef-12.19.36/lib/chef/runner.rb:97:in `block (2 levels) in converge'
/opt/chef/embedded/lib/ruby/gems/2.3.0/gems/chef-12.19.36/lib/chef/runner.rb:97:in `each'
/opt/chef/embedded/lib/ruby/gems/2.3.0/gems/chef-12.19.36/lib/chef/runner.rb:97:in `block in converge'
/opt/chef/embedded/lib/ruby/gems/2.3.0/gems/chef-12.19.36/lib/chef/resource_collection/resource_list.rb:94:in `block in execute_each_resource'
/opt/chef/embedded/lib/ruby/gems/2.3.0/gems/chef-12.19.36/lib/chef/resource_collection/stepable_iterator.rb:114:in `call_iterator_block'
/opt/chef/embedded/lib/ruby/gems/2.3.0/gems/chef-12.19.36/lib/chef/resource_collection/stepable_iterator.rb:85:in `step'
/opt/chef/embedded/lib/ruby/gems/2.3.0/gems/chef-12.19.36/lib/chef/resource_collection/stepable_iterator.rb:103:in `iterate'
/opt/chef/embedded/lib/ruby/gems/2.3.0/gems/chef-12.19.36/lib/chef/resource_collection/stepable_iterator.rb:55:in `each_with_index'
/opt/chef/embedded/lib/ruby/gems/2.3.0/gems/chef-12.19.36/lib/chef/resource_collection/resource_list.rb:92:in `execute_each_resource'
/opt/chef/embedded/lib/ruby/gems/2.3.0/gems/chef-12.19.36/lib/chef/runner.rb:96:in `converge'
/opt/chef/embedded/lib/ruby/gems/2.3.0/gems/chef-12.19.36/lib/chef/client.rb:670:in `block in converge'
/opt/chef/embedded/lib/ruby/gems/2.3.0/gems/chef-12.19.36/lib/chef/client.rb:665:in `catch'
/opt/chef/embedded/lib/ruby/gems/2.3.0/gems/chef-12.19.36/lib/chef/client.rb:665:in `converge'
/opt/chef/embedded/lib/ruby/gems/2.3.0/gems/chef-12.19.36/lib/chef/client.rb:704:in `converge_and_save'
/opt/chef/embedded/lib/ruby/gems/2.3.0/gems/chef-12.19.36/lib/chef/client.rb:284:in `run'
/opt/chef/embedded/lib/ruby/gems/2.3.0/gems/chef-12.19.36/lib/chef/application.rb:295:in `block in fork_chef_client'
/opt/chef/embedded/lib/ruby/gems/2.3.0/gems/chef-12.19.36/lib/chef/application.rb:283:in `fork'
/opt/chef/embedded/lib/ruby/gems/2.3.0/gems/chef-12.19.36/lib/chef/application.rb:283:in `fork_chef_client'
/opt/chef/embedded/lib/ruby/gems/2.3.0/gems/chef-12.19.36/lib/chef/application.rb:248:in `block in run_chef_client'
/opt/chef/embedded/lib/ruby/gems/2.3.0/gems/chef-12.19.36/lib/chef/local_mode.rb:44:in `with_server_connectivity'
/opt/chef/embedded/lib/ruby/gems/2.3.0/gems/chef-12.19.36/lib/chef/application.rb:236:in `run_chef_client'
/opt/chef/embedded/lib/ruby/gems/2.3.0/gems/chef-12.19.36/lib/chef/application/client.rb:464:in `sleep_then_run_chef_client'
/opt/chef/embedded/lib/ruby/gems/2.3.0/gems/chef-12.19.36/lib/chef/application/client.rb:451:in `block in interval_run_chef_client'
/opt/chef/embedded/lib/ruby/gems/2.3.0/gems/chef-12.19.36/lib/chef/application/client.rb:450:in `loop'
/opt/chef/embedded/lib/ruby/gems/2.3.0/gems/chef-12.19.36/lib/chef/application/client.rb:450:in `interval_run_chef_client'
/opt/chef/embedded/lib/ruby/gems/2.3.0/gems/chef-12.19.36/lib/chef/application/client.rb:434:in `run_application'
/opt/chef/embedded/lib/ruby/gems/2.3.0/gems/chef-12.19.36/lib/chef/application.rb:59:in `run'
/opt/chef/embedded/lib/ruby/gems/2.3.0/gems/chef-12.19.36/lib/chef/application/solo.rb:226:in `run'
/opt/chef/embedded/lib/ruby/gems/2.3.0/gems/chef-12.19.36/bin/chef-solo:25:in `<top (required)>'
/usr/bin/chef-solo:57:in `load'
/usr/bin/chef-solo:57:in `<main>'